# JRE version: OpenJDK Runtime Environment Temurin-21.0.6+7 (21.0.6+7) (build 21.0.6+7-LTS)
# Java VM: OpenJDK 64-Bit Server VM Temurin-21.0.6+7 (21.0.6+7-LTS, mixed mode, sharing, tiered, compressed oops, compressed class ptrs, parallel gc, linux-amd64)
GC Precious Log:
 CardTable entry size: 512
 CPUs: 8 total, 8 available
 Memory: 15866M
 Large Page Support: Disabled
 NUMA Support: Disabled
 Compressed Oops: Enabled (32-bit)
 Alignments: Space 512K, Generation 512K, Heap 2M
 Heap Min Capacity: 100M
 Heap Initial Capacity: 100M
 Heap Max Capacity: 1G
 Pre-touch: Disabled
 Parallel Workers: 8
Heap:
 PSYoungGen      total 11776K, used 9152K [0x00000000eab00000, 0x00000000ebb00000, 0x0000000100000000)
  eden space 7168K, 68% used [0x00000000eab00000,0x00000000eafc3358,0x00000000eb200000)
  from space 4608K, 92% used [0x00000000eb680000,0x00000000ebaacd88,0x00000000ebb00000)
  to   space 4608K, 0% used [0x00000000eb200000,0x00000000eb200000,0x00000000eb680000)
 ParOldGen       total 382464K, used 382282K [0x00000000c0000000, 0x00000000d7580000, 0x00000000eab00000)
  object space 382464K, 99% used [0x00000000c0000000,0x00000000d7552aa0,0x00000000d7580000)
 Metaspace       used 75194K, committed 76736K, reserved 1179648K
  class space    used 7605K, committed 8256K, reserved 1048576K
GC Heap History (20 events):
Event: 15750.934 GC heap before
{Heap before GC invocations=770 (full 4):
 PSYoungGen      total 10240K, used 10222K [0x00000000eab00000, 0x00000000ec480000, 0x0000000100000000)
  eden space 8192K, 100% used [0x00000000eab00000,0x00000000eb300000,0x00000000eb300000)
  from space 2048K, 99% used [0x00000000eba80000,0x00000000ebc7ba00,0x00000000ebc80000)
  to   space 7680K, 0% used [0x00000000eb300000,0x00000000eb300000,0x00000000eba80000)
 ParOldGen       total 356864K, used 356723K [0x00000000c0000000, 0x00000000d5c80000, 0x00000000eab00000)
  object space 356864K, 99% used [0x00000000c0000000,0x00000000d5c5cee0,0x00000000d5c80000)
 Metaspace       used 75091K, committed 76608K, reserved 1179648K
  class space    used 7605K, committed 8256K, reserved 1048576K
}
Event: 15750.957 GC heap after
{Heap after GC invocations=770 (full 4):
 PSYoungGen      total 13312K, used 4750K [0x00000000eab00000, 0x00000000ebe00000, 0x0000000100000000)
  eden space 8192K, 0% used [0x00000000eab00000,0x00000000eab00000,0x00000000eb300000)
  from space 5120K, 92% used [0x00000000eb300000,0x00000000eb7a3af0,0x00000000eb800000)
  to   space 5632K, 0% used [0x00000000eb880000,0x00000000eb880000,0x00000000ebe00000)
 ParOldGen       total 358912K, used 358736K [0x00000000c0000000, 0x00000000d5e80000, 0x00000000eab00000)
  object space 358912K, 99% used [0x00000000c0000000,0x00000000d5e54290,0x00000000d5e80000)
 Metaspace       used 75091K, committed 76608K, reserved 1179648K
  class space    used 7605K, committed 8256K, reserved 1048576K
}
Event: 15751.084 GC heap before
{Heap before GC invocations=771 (full 4):
 PSYoungGen      total 13312K, used 12942K [0x00000000eab00000, 0x00000000ebe00000, 0x0000000100000000)
  eden space 8192K, 100% used [0x00000000eab00000,0x00000000eb300000,0x00000000eb300000)
  from space 5120K, 92% used [0x00000000eb300000,0x00000000eb7a3af0,0x00000000eb800000)
  to   space 5632K, 0% used [0x00000000eb880000,0x00000000eb880000,0x00000000ebe00000)
 ParOldGen       total 358912K, used 358736K [0x00000000c0000000, 0x00000000d5e80000, 0x00000000eab00000)
  object space 358912K, 99% used [0x00000000c0000000,0x00000000d5e54290,0x00000000d5e80000)
 Metaspace       used 75119K, committed 76672K, reserved 1179648K
  class space    used 7605K, committed 8256K, reserved 1048576K
}
Event: 15751.106 GC heap after
{Heap after GC invocations=771 (full 4):
 PSYoungGen      total 7680K, used 5632K [0x00000000eab00000, 0x00000000eca00000, 0x0000000100000000)
  eden space 2048K, 0% used [0x00000000eab00000,0x00000000eab00000,0x00000000ead00000)
  from space 5632K, 100% used [0x00000000eb880000,0x00000000ebe00000,0x00000000ebe00000)
  to   space 11776K, 0% used [0x00000000ead00000,0x00000000ead00000,0x00000000eb880000)
 ParOldGen       total 364032K, used 363771K [0x00000000c0000000, 0x00000000d6380000, 0x00000000eab00000)
  object space 364032K, 99% used [0x00000000c0000000,0x00000000d633ee80,0x00000000d6380000)
 Metaspace       used 75119K, committed 76672K, reserved 1179648K
  class space    used 7605K, committed 8256K, reserved 1048576K
}
Event: 15751.124 GC heap before
{Heap before GC invocations=772 (full 4):
 PSYoungGen      total 7680K, used 7680K [0x00000000eab00000, 0x00000000eca00000, 0x0000000100000000)
  eden space 2048K, 100% used [0x00000000eab00000,0x00000000ead00000,0x00000000ead00000)
  from space 5632K, 100% used [0x00000000eb880000,0x00000000ebe00000,0x00000000ebe00000)
  to   space 11776K, 0% used [0x00000000ead00000,0x00000000ead00000,0x00000000eb880000)
 ParOldGen       total 364032K, used 363771K [0x00000000c0000000, 0x00000000d6380000, 0x00000000eab00000)
  object space 364032K, 99% used [0x00000000c0000000,0x00000000d633ee80,0x00000000d6380000)
 Metaspace       used 75122K, committed 76672K, reserved 1179648K
  class space    used 7605K, committed 8256K, reserved 1048576K
}
Event: 15751.143 GC heap after
{Heap after GC invocations=772 (full 4):
 PSYoungGen      total 4096K, used 1888K [0x00000000eab00000, 0x00000000eb900000, 0x0000000100000000)
  eden space 2048K, 0% used [0x00000000eab00000,0x00000000eab00000,0x00000000ead00000)
  from space 2048K, 92% used [0x00000000ead00000,0x00000000eaed8000,0x00000000eaf00000)
  to   space 5120K, 0% used [0x00000000eb400000,0x00000000eb400000,0x00000000eb900000)
 ParOldGen       total 369664K, used 369411K [0x00000000c0000000, 0x00000000d6900000, 0x00000000eab00000)
  object space 369664K, 99% used [0x00000000c0000000,0x00000000d68c0e80,0x00000000d6900000)
 Metaspace       used 75122K, committed 76672K, reserved 1179648K
  class space    used 7605K, committed 8256K, reserved 1048576K
}
Event: 15751.157 GC heap before
{Heap before GC invocations=773 (full 4):
 PSYoungGen      total 4096K, used 3936K [0x00000000eab00000, 0x00000000eb900000, 0x0000000100000000)
  eden space 2048K, 100% used [0x00000000eab00000,0x00000000ead00000,0x00000000ead00000)
  from space 2048K, 92% used [0x00000000ead00000,0x00000000eaed8000,0x00000000eaf00000)
  to   space 5120K, 0% used [0x00000000eb400000,0x00000000eb400000,0x00000000eb900000)
 ParOldGen       total 369664K, used 369411K [0x00000000c0000000, 0x00000000d6900000, 0x00000000eab00000)
  object space 369664K, 99% used [0x00000000c0000000,0x00000000d68c0e80,0x00000000d6900000)
 Metaspace       used 75125K, committed 76672K, reserved 1179648K
  class space    used 7605K, committed 8256K, reserved 1048576K
}
Event: 15751.169 GC heap after
{Heap after GC invocations=773 (full 4):
 PSYoungGen      total 4608K, used 1588K [0x00000000eab00000, 0x00000000eb600000, 0x0000000100000000)
  eden space 2560K, 0% used [0x00000000eab00000,0x00000000eab00000,0x00000000ead80000)
  from space 2048K, 77% used [0x00000000eb400000,0x00000000eb58d200,0x00000000eb600000)
  to   space 2560K, 0% used [0x00000000eb100000,0x00000000eb100000,0x00000000eb380000)
 ParOldGen       total 371712K, used 371249K [0x00000000c0000000, 0x00000000d6b00000, 0x00000000eab00000)
  object space 371712K, 99% used [0x00000000c0000000,0x00000000d6a8c600,0x00000000d6b00000)
 Metaspace       used 75125K, committed 76672K, reserved 1179648K
  class space    used 7605K, committed 8256K, reserved 1048576K
}
Event: 15751.185 GC heap before
{Heap before GC invocations=774 (full 4):
 PSYoungGen      total 4608K, used 4148K [0x00000000eab00000, 0x00000000eb600000, 0x0000000100000000)
  eden space 2560K, 100% used [0x00000000eab00000,0x00000000ead80000,0x00000000ead80000)
  from space 2048K, 77% used [0x00000000eb400000,0x00000000eb58d200,0x00000000eb600000)
  to   space 2560K, 0% used [0x00000000eb100000,0x00000000eb100000,0x00000000eb380000)
 ParOldGen       total 371712K, used 371249K [0x00000000c0000000, 0x00000000d6b00000, 0x00000000eab00000)
  object space 371712K, 99% used [0x00000000c0000000,0x00000000d6a8c600,0x00000000d6b00000)
 Metaspace       used 75127K, committed 76672K, reserved 1179648K
  class space    used 7605K, committed 8256K, reserved 1048576K
}
Event: 15751.203 GC heap after
{Heap after GC invocations=774 (full 4):
 PSYoungGen      total 5120K, used 1920K [0x00000000eab00000, 0x00000000eb480000, 0x0000000100000000)
  eden space 3072K, 0% used [0x00000000eab00000,0x00000000eab00000,0x00000000eae00000)
  from space 2048K, 93% used [0x00000000eb100000,0x00000000eb2e0000,0x00000000eb300000)
  to   space 1536K, 0% used [0x00000000eb300000,0x00000000eb300000,0x00000000eb480000)
 ParOldGen       total 373248K, used 372774K [0x00000000c0000000, 0x00000000d6c80000, 0x00000000eab00000)
  object space 373248K, 99% used [0x00000000c0000000,0x00000000d6c09810,0x00000000d6c80000)
 Metaspace       used 75127K, committed 76672K, reserved 1179648K
  class space    used 7605K, committed 8256K, reserved 1048576K
}
Event: 15751.218 GC heap before
{Heap before GC invocations=775 (full 4):
 PSYoungGen      total 5120K, used 4992K [0x00000000eab00000, 0x00000000eb480000, 0x0000000100000000)
  eden space 3072K, 100% used [0x00000000eab00000,0x00000000eae00000,0x00000000eae00000)
  from space 2048K, 93% used [0x00000000eb100000,0x00000000eb2e0000,0x00000000eb300000)
  to   space 1536K, 0% used [0x00000000eb300000,0x00000000eb300000,0x00000000eb480000)
 ParOldGen       total 373248K, used 372774K [0x00000000c0000000, 0x00000000d6c80000, 0x00000000eab00000)
  object space 373248K, 99% used [0x00000000c0000000,0x00000000d6c09810,0x00000000d6c80000)
 Metaspace       used 75127K, committed 76672K, reserved 1179648K
  class space    used 7605K, committed 8256K, reserved 1048576K
}
Event: 15751.231 GC heap after
{Heap after GC invocations=775 (full 4):
 PSYoungGen      total 5120K, used 1536K [0x00000000eab00000, 0x00000000eb800000, 0x0000000100000000)
  eden space 3584K, 0% used [0x00000000eab00000,0x00000000eab00000,0x00000000eae80000)
  from space 1536K, 100% used [0x00000000eb300000,0x00000000eb480000,0x00000000eb480000)
  to   space 4608K, 0% used [0x00000000eae80000,0x00000000eae80000,0x00000000eb300000)
 ParOldGen       total 375296K, used 375166K [0x00000000c0000000, 0x00000000d6e80000, 0x00000000eab00000)
  object space 375296K, 99% used [0x00000000c0000000,0x00000000d6e5f810,0x00000000d6e80000)
 Metaspace       used 75127K, committed 76672K, reserved 1179648K
  class space    used 7605K, committed 8256K, reserved 1048576K
}
Event: 15751.280 GC heap before
{Heap before GC invocations=776 (full 4):
 PSYoungGen      total 5120K, used 5120K [0x00000000eab00000, 0x00000000eb800000, 0x0000000100000000)
  eden space 3584K, 100% used [0x00000000eab00000,0x00000000eae80000,0x00000000eae80000)
  from space 1536K, 100% used [0x00000000eb300000,0x00000000eb480000,0x00000000eb480000)
  to   space 4608K, 0% used [0x00000000eae80000,0x00000000eae80000,0x00000000eb300000)
 ParOldGen       total 375296K, used 375166K [0x00000000c0000000, 0x00000000d6e80000, 0x00000000eab00000)
  object space 375296K, 99% used [0x00000000c0000000,0x00000000d6e5f810,0x00000000d6e80000)
 Metaspace       used 75135K, committed 76672K, reserved 1179648K
  class space    used 7605K, committed 8256K, reserved 1048576K
}
Event: 15751.289 GC heap after
{Heap after GC invocations=776 (full 4):
 PSYoungGen      total 4608K, used 544K [0x00000000eab00000, 0x00000000eb380000, 0x0000000100000000)
  eden space 3584K, 0% used [0x00000000eab00000,0x00000000eab00000,0x00000000eae80000)
  from space 1024K, 53% used [0x00000000eae80000,0x00000000eaf08000,0x00000000eaf80000)
  to   space 2048K, 0% used [0x00000000eb180000,0x00000000eb180000,0x00000000eb380000)
 ParOldGen       total 376832K, used 376734K [0x00000000c0000000, 0x00000000d7000000, 0x00000000eab00000)
  object space 376832K, 99% used [0x00000000c0000000,0x00000000d6fe7810,0x00000000d7000000)
 Metaspace       used 75135K, committed 76672K, reserved 1179648K
  class space    used 7605K, committed 8256K, reserved 1048576K
}
Event: 15751.404 GC heap before
{Heap before GC invocations=777 (full 4):
 PSYoungGen      total 4608K, used 4128K [0x00000000eab00000, 0x00000000eb380000, 0x0000000100000000)
  eden space 3584K, 100% used [0x00000000eab00000,0x00000000eae80000,0x00000000eae80000)
  from space 1024K, 53% used [0x00000000eae80000,0x00000000eaf08000,0x00000000eaf80000)
  to   space 2048K, 0% used [0x00000000eb180000,0x00000000eb180000,0x00000000eb380000)
 ParOldGen       total 376832K, used 376734K [0x00000000c0000000, 0x00000000d7000000, 0x00000000eab00000)
  object space 376832K, 99% used [0x00000000c0000000,0x00000000d6fe7810,0x00000000d7000000)
 Metaspace       used 75175K, committed 76672K, reserved 1179648K
  class space    used 7605K, committed 8256K, reserved 1048576K
}
Event: 15751.413 GC heap after
{Heap after GC invocations=777 (full 4):
 PSYoungGen      total 5632K, used 768K [0x00000000eab00000, 0x00000000eb280000, 0x0000000100000000)
  eden space 4608K, 0% used [0x00000000eab00000,0x00000000eab00000,0x00000000eaf80000)
  from space 1024K, 75% used [0x00000000eb180000,0x00000000eb240000,0x00000000eb280000)
  to   space 1024K, 0% used [0x00000000eb080000,0x00000000eb080000,0x00000000eb180000)
 ParOldGen       total 377344K, used 377222K [0x00000000c0000000, 0x00000000d7080000, 0x00000000eab00000)
  object space 377344K, 99% used [0x00000000c0000000,0x00000000d7061810,0x00000000d7080000)
 Metaspace       used 75175K, committed 76672K, reserved 1179648K
  class space    used 7605K, committed 8256K, reserved 1048576K
}
Event: 15751.483 GC heap before
{Heap before GC invocations=778 (full 4):
 PSYoungGen      total 5632K, used 5376K [0x00000000eab00000, 0x00000000eb280000, 0x0000000100000000)
  eden space 4608K, 100% used [0x00000000eab00000,0x00000000eaf80000,0x00000000eaf80000)
  from space 1024K, 75% used [0x00000000eb180000,0x00000000eb240000,0x00000000eb280000)
  to   space 1024K, 0% used [0x00000000eb080000,0x00000000eb080000,0x00000000eb180000)
 ParOldGen       total 377344K, used 377222K [0x00000000c0000000, 0x00000000d7080000, 0x00000000eab00000)
  object space 377344K, 99% used [0x00000000c0000000,0x00000000d7061810,0x00000000d7080000)
 Metaspace       used 75194K, committed 76736K, reserved 1179648K
  class space    used 7605K, committed 8256K, reserved 1048576K
}
Event: 15751.499 GC heap after
{Heap after GC invocations=778 (full 4):
 PSYoungGen      total 6656K, used 998K [0x00000000eab00000, 0x00000000ebc80000, 0x0000000100000000)
  eden space 5632K, 0% used [0x00000000eab00000,0x00000000eab00000,0x00000000eb080000)
  from space 1024K, 97% used [0x00000000eb080000,0x00000000eb179b10,0x00000000eb180000)
  to   space 6144K, 0% used [0x00000000eb680000,0x00000000eb680000,0x00000000ebc80000)
 ParOldGen       total 381440K, used 381246K [0x00000000c0000000, 0x00000000d7480000, 0x00000000eab00000)
  object space 381440K, 99% used [0x00000000c0000000,0x00000000d744f810,0x00000000d7480000)
 Metaspace       used 75194K, committed 76736K, reserved 1179648K
  class space    used 7605K, committed 8256K, reserved 1048576K
}
Event: 15751.610 GC heap before
{Heap before GC invocations=779 (full 4):
 PSYoungGen      total 6656K, used 6320K [0x00000000eab00000, 0x00000000ebc80000, 0x0000000100000000)
  eden space 5632K, 94% used [0x00000000eab00000,0x00000000eb032678,0x00000000eb080000)
  from space 1024K, 97% used [0x00000000eb080000,0x00000000eb179b10,0x00000000eb180000)
  to   space 6144K, 0% used [0x00000000eb680000,0x00000000eb680000,0x00000000ebc80000)
 ParOldGen       total 381440K, used 381246K [0x00000000c0000000, 0x00000000d7480000, 0x00000000eab00000)
  object space 381440K, 99% used [0x00000000c0000000,0x00000000d744f810,0x00000000d7480000)
 Metaspace       used 75194K, committed 76736K, reserved 1179648K
  class space    used 7605K, committed 8256K, reserved 1048576K
}
Event: 15751.629 GC heap after
{Heap after GC invocations=779 (full 4):
 PSYoungGen      total 11776K, used 4275K [0x00000000eab00000, 0x00000000ebb00000, 0x0000000100000000)
  eden space 7168K, 0% used [0x00000000eab00000,0x00000000eab00000,0x00000000eb200000)
  from space 4608K, 92% used [0x00000000eb680000,0x00000000ebaacd88,0x00000000ebb00000)
  to   space 4608K, 0% used [0x00000000eb200000,0x00000000eb200000,0x00000000eb680000)
 ParOldGen       total 382464K, used 382282K [0x00000000c0000000, 0x00000000d7580000, 0x00000000eab00000)
  object space 382464K, 99% used [0x00000000c0000000,0x00000000d7552aa0,0x00000000d7580000)
 Metaspace       used 75194K, committed 76736K, reserved 1179648K
  class space    used 7605K, committed 8256K, reserved 1048576K
}

