# JRE version: OpenJDK Runtime Environment Temurin-21.0.6+7 (21.0.6+7) (build 21.0.6+7-LTS)
# Java VM: OpenJDK 64-Bit Server VM Temurin-21.0.6+7 (21.0.6+7-LTS, mixed mode, sharing, tiered, compressed oops, compressed class ptrs, parallel gc, linux-amd64)
GC Precious Log:
 CardTable entry size: 512
 CPUs: 8 total, 8 available
 Memory: 15866M
 Large Page Support: Disabled
 NUMA Support: Disabled
 Compressed Oops: Enabled (32-bit)
 Alignments: Space 512K, Generation 512K, Heap 2M
 Heap Min Capacity: 100M
 Heap Initial Capacity: 100M
 Heap Max Capacity: 1G
 Pre-touch: Disabled
 Parallel Workers: 8
Heap:
 PSYoungGen      total 23552K, used 16330K [0x00000000eab00000, 0x00000000ec700000, 0x0000000100000000)
  eden space 22016K, 67% used [0x00000000eab00000,0x00000000eb972a90,0x00000000ec080000)
  from space 1536K, 100% used [0x00000000ec580000,0x00000000ec700000,0x00000000ec700000)
  to   space 2560K, 0% used [0x00000000ec200000,0x00000000ec200000,0x00000000ec480000)
 ParOldGen       total 68608K, used 18412K [0x00000000c0000000, 0x00000000c4300000, 0x00000000eab00000)
  object space 68608K, 26% used [0x00000000c0000000,0x00000000c11fb168,0x00000000c4300000)
 Metaspace       used 38526K, committed 39680K, reserved 1114112K
  class space    used 3938K, committed 4416K, reserved 1048576K
GC Heap History (20 events):
Event: 5.969 GC heap before
{Heap before GC invocations=7 (full 0):
 PSYoungGen      total 29696K, used 18046K [0x00000000eab00000, 0x00000000ece00000, 0x0000000100000000)
  eden space 24576K, 53% used [0x00000000eab00000,0x00000000eb7d50c8,0x00000000ec300000)
  from space 5120K, 95% used [0x00000000ec900000,0x00000000ecdca820,0x00000000ece00000)
  to   space 5120K, 0% used [0x00000000ec400000,0x00000000ec400000,0x00000000ec900000)
 ParOldGen       total 68608K, used 8577K [0x00000000c0000000, 0x00000000c4300000, 0x00000000eab00000)
  object space 68608K, 12% used [0x00000000c0000000,0x00000000c08606c8,0x00000000c4300000)
 Metaspace       used 20636K, committed 21504K, reserved 1114112K
  class space    used 2086K, committed 2496K, reserved 1048576K
}
Event: 5.993 GC heap after
{Heap after GC invocations=7 (full 0):
 PSYoungGen      total 29184K, used 4591K [0x00000000eab00000, 0x00000000ecd00000, 0x0000000100000000)
  eden space 24576K, 0% used [0x00000000eab00000,0x00000000eab00000,0x00000000ec300000)
  from space 4608K, 99% used [0x00000000ec400000,0x00000000ec87bc40,0x00000000ec880000)
  to   space 4608K, 0% used [0x00000000ec880000,0x00000000ec880000,0x00000000ecd00000)
 ParOldGen       total 68608K, used 9772K [0x00000000c0000000, 0x00000000c4300000, 0x00000000eab00000)
  object space 68608K, 14% used [0x00000000c0000000,0x00000000c098b1a0,0x00000000c4300000)
 Metaspace       used 20636K, committed 21504K, reserved 1114112K
  class space    used 2086K, committed 2496K, reserved 1048576K
}
Event: 5.993 GC heap before
{Heap before GC invocations=8 (full 1):
 PSYoungGen      total 29184K, used 4591K [0x00000000eab00000, 0x00000000ecd00000, 0x0000000100000000)
  eden space 24576K, 0% used [0x00000000eab00000,0x00000000eab00000,0x00000000ec300000)
  from space 4608K, 99% used [0x00000000ec400000,0x00000000ec87bc40,0x00000000ec880000)
  to   space 4608K, 0% used [0x00000000ec880000,0x00000000ec880000,0x00000000ecd00000)
 ParOldGen       total 68608K, used 9772K [0x00000000c0000000, 0x00000000c4300000, 0x00000000eab00000)
  object space 68608K, 14% used [0x00000000c0000000,0x00000000c098b1a0,0x00000000c4300000)
 Metaspace       used 20636K, committed 21504K, reserved 1114112K
  class space    used 2086K, committed 2496K, reserved 1048576K
}
Event: 6.107 GC heap after
{Heap after GC invocations=8 (full 1):
 PSYoungGen      total 29184K, used 0K [0x00000000eab00000, 0x00000000ecd00000, 0x0000000100000000)
  eden space 24576K, 0% used [0x00000000eab00000,0x00000000eab00000,0x00000000ec300000)
  from space 4608K, 0% used [0x00000000ec400000,0x00000000ec400000,0x00000000ec880000)
  to   space 4608K, 0% used [0x00000000ec880000,0x00000000ec880000,0x00000000ecd00000)
 ParOldGen       total 68608K, used 13375K [0x00000000c0000000, 0x00000000c4300000, 0x00000000eab00000)
  object space 68608K, 19% used [0x00000000c0000000,0x00000000c0d0fc20,0x00000000c4300000)
 Metaspace       used 20623K, committed 21504K, reserved 1114112K
  class space    used 2082K, committed 2496K, reserved 1048576K
}
Event: 6.492 GC heap before
{Heap before GC invocations=9 (full 1):
 PSYoungGen      total 29184K, used 24576K [0x00000000eab00000, 0x00000000ecd00000, 0x0000000100000000)
  eden space 24576K, 100% used [0x00000000eab00000,0x00000000ec300000,0x00000000ec300000)
  from space 4608K, 0% used [0x00000000ec400000,0x00000000ec400000,0x00000000ec880000)
  to   space 4608K, 0% used [0x00000000ec880000,0x00000000ec880000,0x00000000ecd00000)
 ParOldGen       total 68608K, used 13375K [0x00000000c0000000, 0x00000000c4300000, 0x00000000eab00000)
  object space 68608K, 19% used [0x00000000c0000000,0x00000000c0d0fc20,0x00000000c4300000)
 Metaspace       used 23153K, committed 24064K, reserved 1114112K
  class space    used 2248K, committed 2624K, reserved 1048576K
}
Event: 6.498 GC heap after
{Heap after GC invocations=9 (full 1):
 PSYoungGen      total 24576K, used 320K [0x00000000eab00000, 0x00000000ec900000, 0x0000000100000000)
  eden space 24064K, 0% used [0x00000000eab00000,0x00000000eab00000,0x00000000ec280000)
  from space 512K, 62% used [0x00000000ec880000,0x00000000ec8d0000,0x00000000ec900000)
  to   space 2048K, 0% used [0x00000000ec500000,0x00000000ec500000,0x00000000ec700000)
 ParOldGen       total 68608K, used 13375K [0x00000000c0000000, 0x00000000c4300000, 0x00000000eab00000)
  object space 68608K, 19% used [0x00000000c0000000,0x00000000c0d0fc20,0x00000000c4300000)
 Metaspace       used 23153K, committed 24064K, reserved 1114112K
  class space    used 2248K, committed 2624K, reserved 1048576K
}
Event: 6.824 GC heap before
{Heap before GC invocations=10 (full 1):
 PSYoungGen      total 24576K, used 24379K [0x00000000eab00000, 0x00000000ec900000, 0x0000000100000000)
  eden space 24064K, 99% used [0x00000000eab00000,0x00000000ec27ec90,0x00000000ec280000)
  from space 512K, 62% used [0x00000000ec880000,0x00000000ec8d0000,0x00000000ec900000)
  to   space 2048K, 0% used [0x00000000ec500000,0x00000000ec500000,0x00000000ec700000)
 ParOldGen       total 68608K, used 13375K [0x00000000c0000000, 0x00000000c4300000, 0x00000000eab00000)
  object space 68608K, 19% used [0x00000000c0000000,0x00000000c0d0fc20,0x00000000c4300000)
 Metaspace       used 25759K, committed 26688K, reserved 1114112K
  class space    used 2442K, committed 2816K, reserved 1048576K
}
Event: 6.836 GC heap after
{Heap after GC invocations=10 (full 1):
 PSYoungGen      total 25600K, used 2024K [0x00000000eab00000, 0x00000000ec900000, 0x0000000100000000)
  eden space 23552K, 0% used [0x00000000eab00000,0x00000000eab00000,0x00000000ec200000)
  from space 2048K, 98% used [0x00000000ec500000,0x00000000ec6fa2b0,0x00000000ec700000)
  to   space 2048K, 0% used [0x00000000ec700000,0x00000000ec700000,0x00000000ec900000)
 ParOldGen       total 68608K, used 13455K [0x00000000c0000000, 0x00000000c4300000, 0x00000000eab00000)
  object space 68608K, 19% used [0x00000000c0000000,0x00000000c0d23c40,0x00000000c4300000)
 Metaspace       used 25759K, committed 26688K, reserved 1114112K
  class space    used 2442K, committed 2816K, reserved 1048576K
}
Event: 7.126 GC heap before
{Heap before GC invocations=11 (full 1):
 PSYoungGen      total 25600K, used 25567K [0x00000000eab00000, 0x00000000ec900000, 0x0000000100000000)
  eden space 23552K, 99% used [0x00000000eab00000,0x00000000ec1fdc88,0x00000000ec200000)
  from space 2048K, 98% used [0x00000000ec500000,0x00000000ec6fa2b0,0x00000000ec700000)
  to   space 2048K, 0% used [0x00000000ec700000,0x00000000ec700000,0x00000000ec900000)
 ParOldGen       total 68608K, used 13455K [0x00000000c0000000, 0x00000000c4300000, 0x00000000eab00000)
  object space 68608K, 19% used [0x00000000c0000000,0x00000000c0d23c40,0x00000000c4300000)
 Metaspace       used 28288K, committed 29248K, reserved 1114112K
  class space    used 2701K, committed 3072K, reserved 1048576K
}
Event: 7.133 GC heap after
{Heap after GC invocations=11 (full 1):
 PSYoungGen      total 24576K, used 1497K [0x00000000eab00000, 0x00000000ec880000, 0x0000000100000000)
  eden space 23040K, 0% used [0x00000000eab00000,0x00000000eab00000,0x00000000ec180000)
  from space 1536K, 97% used [0x00000000ec700000,0x00000000ec876680,0x00000000ec880000)
  to   space 2048K, 0% used [0x00000000ec480000,0x00000000ec480000,0x00000000ec680000)
 ParOldGen       total 68608K, used 15105K [0x00000000c0000000, 0x00000000c4300000, 0x00000000eab00000)
  object space 68608K, 22% used [0x00000000c0000000,0x00000000c0ec0660,0x00000000c4300000)
 Metaspace       used 28288K, committed 29248K, reserved 1114112K
  class space    used 2701K, committed 3072K, reserved 1048576K
}
Event: 7.503 GC heap before
{Heap before GC invocations=12 (full 1):
 PSYoungGen      total 24576K, used 24537K [0x00000000eab00000, 0x00000000ec880000, 0x0000000100000000)
  eden space 23040K, 100% used [0x00000000eab00000,0x00000000ec180000,0x00000000ec180000)
  from space 1536K, 97% used [0x00000000ec700000,0x00000000ec876680,0x00000000ec880000)
  to   space 2048K, 0% used [0x00000000ec480000,0x00000000ec480000,0x00000000ec680000)
 ParOldGen       total 68608K, used 15105K [0x00000000c0000000, 0x00000000c4300000, 0x00000000eab00000)
  object space 68608K, 22% used [0x00000000c0000000,0x00000000c0ec0660,0x00000000c4300000)
 Metaspace       used 31695K, committed 32704K, reserved 1114112K
  class space    used 3121K, committed 3520K, reserved 1048576K
}
Event: 7.512 GC heap after
{Heap after GC invocations=12 (full 1):
 PSYoungGen      total 24576K, used 1649K [0x00000000eab00000, 0x00000000ec780000, 0x0000000100000000)
  eden space 22528K, 0% used [0x00000000eab00000,0x00000000eab00000,0x00000000ec100000)
  from space 2048K, 80% used [0x00000000ec480000,0x00000000ec61c5c0,0x00000000ec680000)
  to   space 1024K, 0% used [0x00000000ec680000,0x00000000ec680000,0x00000000ec780000)
 ParOldGen       total 68608K, used 16294K [0x00000000c0000000, 0x00000000c4300000, 0x00000000eab00000)
  object space 68608K, 23% used [0x00000000c0000000,0x00000000c0fe98c0,0x00000000c4300000)
 Metaspace       used 31695K, committed 32704K, reserved 1114112K
  class space    used 3121K, committed 3520K, reserved 1048576K
}
Event: 7.768 GC heap before
{Heap before GC invocations=13 (full 1):
 PSYoungGen      total 24576K, used 24177K [0x00000000eab00000, 0x00000000ec780000, 0x0000000100000000)
  eden space 22528K, 100% used [0x00000000eab00000,0x00000000ec100000,0x00000000ec100000)
  from space 2048K, 80% used [0x00000000ec480000,0x00000000ec61c5c0,0x00000000ec680000)
  to   space 1024K, 0% used [0x00000000ec680000,0x00000000ec680000,0x00000000ec780000)
 ParOldGen       total 68608K, used 16294K [0x00000000c0000000, 0x00000000c4300000, 0x00000000eab00000)
  object space 68608K, 23% used [0x00000000c0000000,0x00000000c0fe98c0,0x00000000c4300000)
 Metaspace       used 34370K, committed 35456K, reserved 1114112K
  class space    used 3443K, committed 3904K, reserved 1048576K
}
Event: 7.780 GC heap after
{Heap after GC invocations=13 (full 1):
 PSYoungGen      total 23040K, used 1021K [0x00000000eab00000, 0x00000000ec780000, 0x0000000100000000)
  eden space 22016K, 0% used [0x00000000eab00000,0x00000000eab00000,0x00000000ec080000)
  from space 1024K, 99% used [0x00000000ec680000,0x00000000ec77f680,0x00000000ec780000)
  to   space 3072K, 0% used [0x00000000ec180000,0x00000000ec180000,0x00000000ec480000)
 ParOldGen       total 68608K, used 17878K [0x00000000c0000000, 0x00000000c4300000, 0x00000000eab00000)
  object space 68608K, 26% used [0x00000000c0000000,0x00000000c1175898,0x00000000c4300000)
 Metaspace       used 34370K, committed 35456K, reserved 1114112K
  class space    used 3443K, committed 3904K, reserved 1048576K
}
Event: 7.818 GC heap before
{Heap before GC invocations=14 (full 1):
 PSYoungGen      total 23040K, used 4639K [0x00000000eab00000, 0x00000000ec780000, 0x0000000100000000)
  eden space 22016K, 16% used [0x00000000eab00000,0x00000000eae88780,0x00000000ec080000)
  from space 1024K, 99% used [0x00000000ec680000,0x00000000ec77f680,0x00000000ec780000)
  to   space 3072K, 0% used [0x00000000ec180000,0x00000000ec180000,0x00000000ec480000)
 ParOldGen       total 68608K, used 17878K [0x00000000c0000000, 0x00000000c4300000, 0x00000000eab00000)
  object space 68608K, 26% used [0x00000000c0000000,0x00000000c1175898,0x00000000c4300000)
 Metaspace       used 34725K, committed 35840K, reserved 1114112K
  class space    used 3488K, committed 3968K, reserved 1048576K
}
Event: 7.824 GC heap after
{Heap after GC invocations=14 (full 1):
 PSYoungGen      total 25088K, used 320K [0x00000000eab00000, 0x00000000ec700000, 0x0000000100000000)
  eden space 22016K, 0% used [0x00000000eab00000,0x00000000eab00000,0x00000000ec080000)
  from space 3072K, 10% used [0x00000000ec180000,0x00000000ec1d00e0,0x00000000ec480000)
  to   space 1536K, 0% used [0x00000000ec580000,0x00000000ec580000,0x00000000ec700000)
 ParOldGen       total 68608K, used 18880K [0x00000000c0000000, 0x00000000c4300000, 0x00000000eab00000)
  object space 68608K, 27% used [0x00000000c0000000,0x00000000c1270078,0x00000000c4300000)
 Metaspace       used 34725K, committed 35840K, reserved 1114112K
  class space    used 3488K, committed 3968K, reserved 1048576K
}
Event: 7.824 GC heap before
{Heap before GC invocations=15 (full 2):
 PSYoungGen      total 25088K, used 320K [0x00000000eab00000, 0x00000000ec700000, 0x0000000100000000)
  eden space 22016K, 0% used [0x00000000eab00000,0x00000000eab00000,0x00000000ec080000)
  from space 3072K, 10% used [0x00000000ec180000,0x00000000ec1d00e0,0x00000000ec480000)
  to   space 1536K, 0% used [0x00000000ec580000,0x00000000ec580000,0x00000000ec700000)
 ParOldGen       total 68608K, used 18880K [0x00000000c0000000, 0x00000000c4300000, 0x00000000eab00000)
  object space 68608K, 27% used [0x00000000c0000000,0x00000000c1270078,0x00000000c4300000)
 Metaspace       used 34725K, committed 35840K, reserved 1114112K
  class space    used 3488K, committed 3968K, reserved 1048576K
}
Event: 7.934 GC heap after
{Heap after GC invocations=15 (full 2):
 PSYoungGen      total 25088K, used 0K [0x00000000eab00000, 0x00000000ec700000, 0x0000000100000000)
  eden space 22016K, 0% used [0x00000000eab00000,0x00000000eab00000,0x00000000ec080000)
  from space 3072K, 0% used [0x00000000ec180000,0x00000000ec180000,0x00000000ec480000)
  to   space 1536K, 0% used [0x00000000ec580000,0x00000000ec580000,0x00000000ec700000)
 ParOldGen       total 68608K, used 18100K [0x00000000c0000000, 0x00000000c4300000, 0x00000000eab00000)
  object space 68608K, 26% used [0x00000000c0000000,0x00000000c11ad168,0x00000000c4300000)
 Metaspace       used 34725K, committed 35840K, reserved 1114112K
  class space    used 3488K, committed 3968K, reserved 1048576K
}
Event: 8.240 GC heap before
{Heap before GC invocations=16 (full 2):
 PSYoungGen      total 25088K, used 22016K [0x00000000eab00000, 0x00000000ec700000, 0x0000000100000000)
  eden space 22016K, 100% used [0x00000000eab00000,0x00000000ec080000,0x00000000ec080000)
  from space 3072K, 0% used [0x00000000ec180000,0x00000000ec180000,0x00000000ec480000)
  to   space 1536K, 0% used [0x00000000ec580000,0x00000000ec580000,0x00000000ec700000)
 ParOldGen       total 68608K, used 18100K [0x00000000c0000000, 0x00000000c4300000, 0x00000000eab00000)
  object space 68608K, 26% used [0x00000000c0000000,0x00000000c11ad168,0x00000000c4300000)
 Metaspace       used 36438K, committed 37632K, reserved 1114112K
  class space    used 3696K, committed 4160K, reserved 1048576K
}
Event: 8.256 GC heap after
{Heap after GC invocations=16 (full 2):
 PSYoungGen      total 23552K, used 1536K [0x00000000eab00000, 0x00000000ec700000, 0x0000000100000000)
  eden space 22016K, 0% used [0x00000000eab00000,0x00000000eab00000,0x00000000ec080000)
  from space 1536K, 100% used [0x00000000ec580000,0x00000000ec700000,0x00000000ec700000)
  to   space 2560K, 0% used [0x00000000ec200000,0x00000000ec200000,0x00000000ec480000)
 ParOldGen       total 68608K, used 18412K [0x00000000c0000000, 0x00000000c4300000, 0x00000000eab00000)
  object space 68608K, 26% used [0x00000000c0000000,0x00000000c11fb168,0x00000000c4300000)
 Metaspace       used 36438K, committed 37632K, reserved 1114112K
  class space    used 3696K, committed 4160K, reserved 1048576K
}

