# JRE version: OpenJDK Runtime Environment Temurin-21.0.6+7 (21.0.6+7) (build 21.0.6+7-LTS)
# Java VM: OpenJDK 64-Bit Server VM Temurin-21.0.6+7 (21.0.6+7-LTS, mixed mode, sharing, tiered, compressed oops, compressed class ptrs, parallel gc, linux-amd64)
GC Precious Log:
 CardTable entry size: 512
 CPUs: 8 total, 8 available
 Memory: 15866M
 Large Page Support: Disabled
 NUMA Support: Disabled
 Compressed Oops: Enabled (32-bit)
 Alignments: Space 512K, Generation 512K, Heap 2M
 Heap Min Capacity: 100M
 Heap Initial Capacity: 100M
 Heap Max Capacity: 1G
 Pre-touch: Disabled
 Parallel Workers: 8
Heap:
 PSYoungGen      total 24064K, used 21817K [0x00000000eab00000, 0x00000000ec980000, 0x0000000100000000)
  eden space 22016K, 89% used [0x00000000eab00000,0x00000000ebe562a0,0x00000000ec080000)
  from space 2048K, 98% used [0x00000000ec080000,0x00000000ec278350,0x00000000ec280000)
  to   space 4608K, 0% used [0x00000000ec500000,0x00000000ec500000,0x00000000ec980000)
 ParOldGen       total 68608K, used 27606K [0x00000000c0000000, 0x00000000c4300000, 0x00000000eab00000)
  object space 68608K, 40% used [0x00000000c0000000,0x00000000c1af5bd8,0x00000000c4300000)
 Metaspace       used 44886K, committed 46080K, reserved 1114112K
  class space    used 4704K, committed 5248K, reserved 1048576K
GC Heap History (20 events):
Event: 5.736 GC heap before
{Heap before GC invocations=12 (full 1):
 PSYoungGen      total 25088K, used 24712K [0x00000000eab00000, 0x00000000ec980000, 0x0000000100000000)
  eden space 23040K, 100% used [0x00000000eab00000,0x00000000ec180000,0x00000000ec180000)
  from space 2048K, 81% used [0x00000000ec780000,0x00000000ec9223b8,0x00000000ec980000)
  to   space 2048K, 0% used [0x00000000ec580000,0x00000000ec580000,0x00000000ec780000)
 ParOldGen       total 68608K, used 15099K [0x00000000c0000000, 0x00000000c4300000, 0x00000000eab00000)
  object space 68608K, 22% used [0x00000000c0000000,0x00000000c0ebee28,0x00000000c4300000)
 Metaspace       used 31638K, committed 32576K, reserved 1114112K
  class space    used 3103K, committed 3520K, reserved 1048576K
}
Event: 5.751 GC heap after
{Heap after GC invocations=12 (full 1):
 PSYoungGen      total 24064K, used 1478K [0x00000000eab00000, 0x00000000ec800000, 0x0000000100000000)
  eden space 22528K, 0% used [0x00000000eab00000,0x00000000eab00000,0x00000000ec100000)
  from space 1536K, 96% used [0x00000000ec580000,0x00000000ec6f1800,0x00000000ec700000)
  to   space 1024K, 0% used [0x00000000ec700000,0x00000000ec700000,0x00000000ec800000)
 ParOldGen       total 68608K, used 16532K [0x00000000c0000000, 0x00000000c4300000, 0x00000000eab00000)
  object space 68608K, 24% used [0x00000000c0000000,0x00000000c1025318,0x00000000c4300000)
 Metaspace       used 31638K, committed 32576K, reserved 1114112K
  class space    used 3103K, committed 3520K, reserved 1048576K
}
Event: 6.000 GC heap before
{Heap before GC invocations=13 (full 1):
 PSYoungGen      total 24064K, used 24005K [0x00000000eab00000, 0x00000000ec800000, 0x0000000100000000)
  eden space 22528K, 99% used [0x00000000eab00000,0x00000000ec0ffff8,0x00000000ec100000)
  from space 1536K, 96% used [0x00000000ec580000,0x00000000ec6f1800,0x00000000ec700000)
  to   space 1024K, 0% used [0x00000000ec700000,0x00000000ec700000,0x00000000ec800000)
 ParOldGen       total 68608K, used 16535K [0x00000000c0000000, 0x00000000c4300000, 0x00000000eab00000)
  object space 68608K, 24% used [0x00000000c0000000,0x00000000c1025da0,0x00000000c4300000)
 Metaspace       used 34641K, committed 35776K, reserved 1114112K
  class space    used 3470K, committed 3968K, reserved 1048576K
}
Event: 6.012 GC heap after
{Heap after GC invocations=13 (full 1):
 PSYoungGen      total 23040K, used 1024K [0x00000000eab00000, 0x00000000eca80000, 0x0000000100000000)
  eden space 22016K, 0% used [0x00000000eab00000,0x00000000eab00000,0x00000000ec080000)
  from space 1024K, 100% used [0x00000000ec700000,0x00000000ec800000,0x00000000ec800000)
  to   space 5120K, 0% used [0x00000000ec080000,0x00000000ec080000,0x00000000ec580000)
 ParOldGen       total 68608K, used 19686K [0x00000000c0000000, 0x00000000c4300000, 0x00000000eab00000)
  object space 68608K, 28% used [0x00000000c0000000,0x00000000c1339a98,0x00000000c4300000)
 Metaspace       used 34641K, committed 35776K, reserved 1114112K
  class space    used 3470K, committed 3968K, reserved 1048576K
}
Event: 6.032 GC heap before
{Heap before GC invocations=14 (full 1):
 PSYoungGen      total 23040K, used 1970K [0x00000000eab00000, 0x00000000eca80000, 0x0000000100000000)
  eden space 22016K, 4% used [0x00000000eab00000,0x00000000eabec8d8,0x00000000ec080000)
  from space 1024K, 100% used [0x00000000ec700000,0x00000000ec800000,0x00000000ec800000)
  to   space 5120K, 0% used [0x00000000ec080000,0x00000000ec080000,0x00000000ec580000)
 ParOldGen       total 68608K, used 19686K [0x00000000c0000000, 0x00000000c4300000, 0x00000000eab00000)
  object space 68608K, 28% used [0x00000000c0000000,0x00000000c1339a98,0x00000000c4300000)
 Metaspace       used 34727K, committed 35840K, reserved 1114112K
  class space    used 3482K, committed 3968K, reserved 1048576K
}
Event: 6.045 GC heap after
{Heap after GC invocations=14 (full 1):
 PSYoungGen      total 27136K, used 320K [0x00000000eab00000, 0x00000000ec780000, 0x0000000100000000)
  eden space 22016K, 0% used [0x00000000eab00000,0x00000000eab00000,0x00000000ec080000)
  from space 5120K, 6% used [0x00000000ec080000,0x00000000ec0d0000,0x00000000ec580000)
  to   space 2048K, 0% used [0x00000000ec580000,0x00000000ec580000,0x00000000ec780000)
 ParOldGen       total 68608K, used 20653K [0x00000000c0000000, 0x00000000c4300000, 0x00000000eab00000)
  object space 68608K, 30% used [0x00000000c0000000,0x00000000c142b6f0,0x00000000c4300000)
 Metaspace       used 34727K, committed 35840K, reserved 1114112K
  class space    used 3482K, committed 3968K, reserved 1048576K
}
Event: 6.045 GC heap before
{Heap before GC invocations=15 (full 2):
 PSYoungGen      total 27136K, used 320K [0x00000000eab00000, 0x00000000ec780000, 0x0000000100000000)
  eden space 22016K, 0% used [0x00000000eab00000,0x00000000eab00000,0x00000000ec080000)
  from space 5120K, 6% used [0x00000000ec080000,0x00000000ec0d0000,0x00000000ec580000)
  to   space 2048K, 0% used [0x00000000ec580000,0x00000000ec580000,0x00000000ec780000)
 ParOldGen       total 68608K, used 20653K [0x00000000c0000000, 0x00000000c4300000, 0x00000000eab00000)
  object space 68608K, 30% used [0x00000000c0000000,0x00000000c142b6f0,0x00000000c4300000)
 Metaspace       used 34727K, committed 35840K, reserved 1114112K
  class space    used 3482K, committed 3968K, reserved 1048576K
}
Event: 6.149 GC heap after
{Heap after GC invocations=15 (full 2):
 PSYoungGen      total 27136K, used 0K [0x00000000eab00000, 0x00000000ec780000, 0x0000000100000000)
  eden space 22016K, 0% used [0x00000000eab00000,0x00000000eab00000,0x00000000ec080000)
  from space 5120K, 0% used [0x00000000ec080000,0x00000000ec080000,0x00000000ec580000)
  to   space 2048K, 0% used [0x00000000ec580000,0x00000000ec580000,0x00000000ec780000)
 ParOldGen       total 68608K, used 19399K [0x00000000c0000000, 0x00000000c4300000, 0x00000000eab00000)
  object space 68608K, 28% used [0x00000000c0000000,0x00000000c12f1da0,0x00000000c4300000)
 Metaspace       used 34727K, committed 35840K, reserved 1114112K
  class space    used 3482K, committed 3968K, reserved 1048576K
}
Event: 6.346 GC heap before
{Heap before GC invocations=16 (full 2):
 PSYoungGen      total 27136K, used 22016K [0x00000000eab00000, 0x00000000ec780000, 0x0000000100000000)
  eden space 22016K, 100% used [0x00000000eab00000,0x00000000ec080000,0x00000000ec080000)
  from space 5120K, 0% used [0x00000000ec080000,0x00000000ec080000,0x00000000ec580000)
  to   space 2048K, 0% used [0x00000000ec580000,0x00000000ec580000,0x00000000ec780000)
 ParOldGen       total 68608K, used 19399K [0x00000000c0000000, 0x00000000c4300000, 0x00000000eab00000)
  object space 68608K, 28% used [0x00000000c0000000,0x00000000c12f1da0,0x00000000c4300000)
 Metaspace       used 36539K, committed 37632K, reserved 1114112K
  class space    used 3696K, committed 4224K, reserved 1048576K
}
Event: 6.350 GC heap after
{Heap after GC invocations=16 (full 2):
 PSYoungGen      total 24064K, used 2011K [0x00000000eab00000, 0x00000000ec780000, 0x0000000100000000)
  eden space 22016K, 0% used [0x00000000eab00000,0x00000000eab00000,0x00000000ec080000)
  from space 2048K, 98% used [0x00000000ec580000,0x00000000ec776fc0,0x00000000ec780000)
  to   space 2560K, 0% used [0x00000000ec280000,0x00000000ec280000,0x00000000ec500000)
 ParOldGen       total 68608K, used 19407K [0x00000000c0000000, 0x00000000c4300000, 0x00000000eab00000)
  object space 68608K, 28% used [0x00000000c0000000,0x00000000c12f3da0,0x00000000c4300000)
 Metaspace       used 36539K, committed 37632K, reserved 1114112K
  class space    used 3696K, committed 4224K, reserved 1048576K
}
Event: 6.581 GC heap before
{Heap before GC invocations=17 (full 2):
 PSYoungGen      total 24064K, used 24027K [0x00000000eab00000, 0x00000000ec780000, 0x0000000100000000)
  eden space 22016K, 100% used [0x00000000eab00000,0x00000000ec080000,0x00000000ec080000)
  from space 2048K, 98% used [0x00000000ec580000,0x00000000ec776fc0,0x00000000ec780000)
  to   space 2560K, 0% used [0x00000000ec280000,0x00000000ec280000,0x00000000ec500000)
 ParOldGen       total 68608K, used 19407K [0x00000000c0000000, 0x00000000c4300000, 0x00000000eab00000)
  object space 68608K, 28% used [0x00000000c0000000,0x00000000c12f3da0,0x00000000c4300000)
 Metaspace       used 39048K, committed 40256K, reserved 1114112K
  class space    used 3987K, committed 4544K, reserved 1048576K
}
Event: 6.595 GC heap after
{Heap after GC invocations=17 (full 2):
 PSYoungGen      total 24576K, used 2093K [0x00000000eab00000, 0x00000000ec600000, 0x0000000100000000)
  eden space 22016K, 0% used [0x00000000eab00000,0x00000000eab00000,0x00000000ec080000)
  from space 2560K, 81% used [0x00000000ec280000,0x00000000ec48b510,0x00000000ec500000)
  to   space 1024K, 0% used [0x00000000ec500000,0x00000000ec500000,0x00000000ec600000)
 ParOldGen       total 68608K, used 21079K [0x00000000c0000000, 0x00000000c4300000, 0x00000000eab00000)
  object space 68608K, 30% used [0x00000000c0000000,0x00000000c1495dc0,0x00000000c4300000)
 Metaspace       used 39048K, committed 40256K, reserved 1114112K
  class space    used 3987K, committed 4544K, reserved 1048576K
}
Event: 6.840 GC heap before
{Heap before GC invocations=18 (full 2):
 PSYoungGen      total 24576K, used 24109K [0x00000000eab00000, 0x00000000ec600000, 0x0000000100000000)
  eden space 22016K, 100% used [0x00000000eab00000,0x00000000ec080000,0x00000000ec080000)
  from space 2560K, 81% used [0x00000000ec280000,0x00000000ec48b510,0x00000000ec500000)
  to   space 1024K, 0% used [0x00000000ec500000,0x00000000ec500000,0x00000000ec600000)
 ParOldGen       total 68608K, used 21079K [0x00000000c0000000, 0x00000000c4300000, 0x00000000eab00000)
  object space 68608K, 30% used [0x00000000c0000000,0x00000000c1495dc0,0x00000000c4300000)
 Metaspace       used 40889K, committed 42048K, reserved 1114112K
  class space    used 4219K, committed 4736K, reserved 1048576K
}
Event: 6.848 GC heap after
{Heap after GC invocations=18 (full 2):
 PSYoungGen      total 23040K, used 1020K [0x00000000eab00000, 0x00000000ec880000, 0x0000000100000000)
  eden space 22016K, 0% used [0x00000000eab00000,0x00000000eab00000,0x00000000ec080000)
  from space 1024K, 99% used [0x00000000ec500000,0x00000000ec5ff368,0x00000000ec600000)
  to   space 4096K, 0% used [0x00000000ec080000,0x00000000ec080000,0x00000000ec480000)
 ParOldGen       total 68608K, used 23422K [0x00000000c0000000, 0x00000000c4300000, 0x00000000eab00000)
  object space 68608K, 34% used [0x00000000c0000000,0x00000000c16df8f8,0x00000000c4300000)
 Metaspace       used 40889K, committed 42048K, reserved 1114112K
  class space    used 4219K, committed 4736K, reserved 1048576K
}
Event: 6.993 GC heap before
{Heap before GC invocations=19 (full 2):
 PSYoungGen      total 23040K, used 23036K [0x00000000eab00000, 0x00000000ec880000, 0x0000000100000000)
  eden space 22016K, 100% used [0x00000000eab00000,0x00000000ec080000,0x00000000ec080000)
  from space 1024K, 99% used [0x00000000ec500000,0x00000000ec5ff368,0x00000000ec600000)
  to   space 4096K, 0% used [0x00000000ec080000,0x00000000ec080000,0x00000000ec480000)
 ParOldGen       total 68608K, used 23422K [0x00000000c0000000, 0x00000000c4300000, 0x00000000eab00000)
  object space 68608K, 34% used [0x00000000c0000000,0x00000000c16df8f8,0x00000000c4300000)
 Metaspace       used 42329K, committed 43456K, reserved 1114112K
  class space    used 4400K, committed 4928K, reserved 1048576K
}
Event: 6.999 GC heap after
{Heap after GC invocations=19 (full 2):
 PSYoungGen      total 24064K, used 1797K [0x00000000eab00000, 0x00000000ec580000, 0x0000000100000000)
  eden space 22016K, 0% used [0x00000000eab00000,0x00000000eab00000,0x00000000ec080000)
  from space 2048K, 87% used [0x00000000ec080000,0x00000000ec2416e0,0x00000000ec280000)
  to   space 2560K, 0% used [0x00000000ec300000,0x00000000ec300000,0x00000000ec580000)
 ParOldGen       total 68608K, used 24373K [0x00000000c0000000, 0x00000000c4300000, 0x00000000eab00000)
  object space 68608K, 35% used [0x00000000c0000000,0x00000000c17cd788,0x00000000c4300000)
 Metaspace       used 42329K, committed 43456K, reserved 1114112K
  class space    used 4400K, committed 4928K, reserved 1048576K
}
Event: 7.090 GC heap before
{Heap before GC invocations=20 (full 2):
 PSYoungGen      total 24064K, used 23813K [0x00000000eab00000, 0x00000000ec580000, 0x0000000100000000)
  eden space 22016K, 100% used [0x00000000eab00000,0x00000000ec080000,0x00000000ec080000)
  from space 2048K, 87% used [0x00000000ec080000,0x00000000ec2416e0,0x00000000ec280000)
  to   space 2560K, 0% used [0x00000000ec300000,0x00000000ec300000,0x00000000ec580000)
 ParOldGen       total 68608K, used 24373K [0x00000000c0000000, 0x00000000c4300000, 0x00000000eab00000)
  object space 68608K, 35% used [0x00000000c0000000,0x00000000c17cd788,0x00000000c4300000)
 Metaspace       used 43113K, committed 44288K, reserved 1114112K
  class space    used 4497K, committed 5056K, reserved 1048576K
}
Event: 7.101 GC heap after
{Heap after GC invocations=20 (full 2):
 PSYoungGen      total 24064K, used 1760K [0x00000000eab00000, 0x00000000ec500000, 0x0000000100000000)
  eden space 22016K, 0% used [0x00000000eab00000,0x00000000eab00000,0x00000000ec080000)
  from space 2048K, 85% used [0x00000000ec300000,0x00000000ec4b8010,0x00000000ec500000)
  to   space 2048K, 0% used [0x00000000ec080000,0x00000000ec080000,0x00000000ec280000)
 ParOldGen       total 68608K, used 25861K [0x00000000c0000000, 0x00000000c4300000, 0x00000000eab00000)
  object space 68608K, 37% used [0x00000000c0000000,0x00000000c19416a0,0x00000000c4300000)
 Metaspace       used 43113K, committed 44288K, reserved 1114112K
  class space    used 4497K, committed 5056K, reserved 1048576K
}
Event: 7.230 GC heap before
{Heap before GC invocations=21 (full 2):
 PSYoungGen      total 24064K, used 23776K [0x00000000eab00000, 0x00000000ec500000, 0x0000000100000000)
  eden space 22016K, 100% used [0x00000000eab00000,0x00000000ec080000,0x00000000ec080000)
  from space 2048K, 85% used [0x00000000ec300000,0x00000000ec4b8010,0x00000000ec500000)
  to   space 2048K, 0% used [0x00000000ec080000,0x00000000ec080000,0x00000000ec280000)
 ParOldGen       total 68608K, used 25861K [0x00000000c0000000, 0x00000000c4300000, 0x00000000eab00000)
  object space 68608K, 37% used [0x00000000c0000000,0x00000000c19416a0,0x00000000c4300000)
 Metaspace       used 44279K, committed 45440K, reserved 1114112K
  class space    used 4638K, committed 5184K, reserved 1048576K
}
Event: 7.238 GC heap after
{Heap after GC invocations=21 (full 2):
 PSYoungGen      total 24064K, used 2016K [0x00000000eab00000, 0x00000000ec980000, 0x0000000100000000)
  eden space 22016K, 0% used [0x00000000eab00000,0x00000000eab00000,0x00000000ec080000)
  from space 2048K, 98% used [0x00000000ec080000,0x00000000ec278350,0x00000000ec280000)
  to   space 4608K, 0% used [0x00000000ec500000,0x00000000ec500000,0x00000000ec980000)
 ParOldGen       total 68608K, used 27606K [0x00000000c0000000, 0x00000000c4300000, 0x00000000eab00000)
  object space 68608K, 40% used [0x00000000c0000000,0x00000000c1af5bd8,0x00000000c4300000)
 Metaspace       used 44279K, committed 45440K, reserved 1114112K
  class space    used 4638K, committed 5184K, reserved 1048576K
}

