# JRE version: OpenJDK Runtime Environment Temurin-21.0.6+7 (21.0.6+7) (build 21.0.6+7-LTS)
# Java VM: OpenJDK 64-Bit Server VM Temurin-21.0.6+7 (21.0.6+7-LTS, mixed mode, sharing, tiered, compressed oops, compressed class ptrs, parallel gc, linux-amd64)
GC Precious Log:
 CardTable entry size: 512
 CPUs: 8 total, 8 available
 Memory: 15866M
 Large Page Support: Disabled
 NUMA Support: Disabled
 Compressed Oops: Enabled (32-bit)
 Alignments: Space 512K, Generation 512K, Heap 2M
 Heap Min Capacity: 100M
 Heap Initial Capacity: 100M
 Heap Max Capacity: 1G
 Pre-touch: Disabled
 Parallel Workers: 8
Heap:
 PSYoungGen      total 19968K, used 7809K [0x00000000eab00000, 0x00000000ec280000, 0x0000000100000000)
  eden space 15872K, 25% used [0x00000000eab00000,0x00000000eaef5528,0x00000000eba80000)
  from space 4096K, 91% used [0x00000000eba80000,0x00000000ebe2b020,0x00000000ebe80000)
  to   space 4096K, 0% used [0x00000000ebe80000,0x00000000ebe80000,0x00000000ec280000)
 ParOldGen       total 328704K, used 328694K [0x00000000c0000000, 0x00000000d4100000, 0x00000000eab00000)
  object space 328704K, 99% used [0x00000000c0000000,0x00000000d40fdaa8,0x00000000d4100000)
 Metaspace       used 64929K, committed 66304K, reserved 1114112K
  class space    used 6751K, committed 7296K, reserved 1048576K
GC Heap History (20 events):
Event: 48.051 GC heap before
{Heap before GC invocations=175 (full 3):
 PSYoungGen      total 14336K, used 14321K [0x00000000eab00000, 0x00000000ec400000, 0x0000000100000000)
  eden space 11776K, 100% used [0x00000000eab00000,0x00000000eb680000,0x00000000eb680000)
  from space 2560K, 99% used [0x00000000eb680000,0x00000000eb8fc448,0x00000000eb900000)
  to   space 5632K, 0% used [0x00000000ebe80000,0x00000000ebe80000,0x00000000ec400000)
 ParOldGen       total 300032K, used 299815K [0x00000000c0000000, 0x00000000d2500000, 0x00000000eab00000)
  object space 300032K, 99% used [0x00000000c0000000,0x00000000d24c9ce0,0x00000000d2500000)
 Metaspace       used 64917K, committed 66240K, reserved 1114112K
  class space    used 6751K, committed 7296K, reserved 1048576K
}
Event: 48.079 GC heap after
{Heap after GC invocations=175 (full 3):
 PSYoungGen      total 17408K, used 2692K [0x00000000eab00000, 0x00000000ec180000, 0x0000000100000000)
  eden space 14336K, 0% used [0x00000000eab00000,0x00000000eab00000,0x00000000eb900000)
  from space 3072K, 87% used [0x00000000ebe80000,0x00000000ec1211b0,0x00000000ec180000)
  to   space 3584K, 0% used [0x00000000eba80000,0x00000000eba80000,0x00000000ebe00000)
 ParOldGen       total 302592K, used 302212K [0x00000000c0000000, 0x00000000d2780000, 0x00000000eab00000)
  object space 302592K, 99% used [0x00000000c0000000,0x00000000d2721010,0x00000000d2780000)
 Metaspace       used 64917K, committed 66240K, reserved 1114112K
  class space    used 6751K, committed 7296K, reserved 1048576K
}
Event: 48.165 GC heap before
{Heap before GC invocations=176 (full 3):
 PSYoungGen      total 17408K, used 17028K [0x00000000eab00000, 0x00000000ec180000, 0x0000000100000000)
  eden space 14336K, 100% used [0x00000000eab00000,0x00000000eb900000,0x00000000eb900000)
  from space 3072K, 87% used [0x00000000ebe80000,0x00000000ec1211b0,0x00000000ec180000)
  to   space 3584K, 0% used [0x00000000eba80000,0x00000000eba80000,0x00000000ebe00000)
 ParOldGen       total 302592K, used 302212K [0x00000000c0000000, 0x00000000d2780000, 0x00000000eab00000)
  object space 302592K, 99% used [0x00000000c0000000,0x00000000d2721010,0x00000000d2780000)
 Metaspace       used 64924K, committed 66304K, reserved 1114112K
  class space    used 6751K, committed 7296K, reserved 1048576K
}
Event: 48.180 GC heap after
{Heap after GC invocations=176 (full 3):
 PSYoungGen      total 17920K, used 3352K [0x00000000eab00000, 0x00000000ec000000, 0x0000000100000000)
  eden space 14336K, 0% used [0x00000000eab00000,0x00000000eab00000,0x00000000eb900000)
  from space 3584K, 93% used [0x00000000eba80000,0x00000000ebdc6090,0x00000000ebe00000)
  to   space 2048K, 0% used [0x00000000ebe00000,0x00000000ebe00000,0x00000000ec000000)
 ParOldGen       total 304640K, used 304610K [0x00000000c0000000, 0x00000000d2980000, 0x00000000eab00000)
  object space 304640K, 99% used [0x00000000c0000000,0x00000000d2978a08,0x00000000d2980000)
 Metaspace       used 64924K, committed 66304K, reserved 1114112K
  class space    used 6751K, committed 7296K, reserved 1048576K
}
Event: 48.272 GC heap before
{Heap before GC invocations=177 (full 3):
 PSYoungGen      total 17920K, used 17688K [0x00000000eab00000, 0x00000000ec000000, 0x0000000100000000)
  eden space 14336K, 100% used [0x00000000eab00000,0x00000000eb900000,0x00000000eb900000)
  from space 3584K, 93% used [0x00000000eba80000,0x00000000ebdc6090,0x00000000ebe00000)
  to   space 2048K, 0% used [0x00000000ebe00000,0x00000000ebe00000,0x00000000ec000000)
 ParOldGen       total 304640K, used 304610K [0x00000000c0000000, 0x00000000d2980000, 0x00000000eab00000)
  object space 304640K, 99% used [0x00000000c0000000,0x00000000d2978a08,0x00000000d2980000)
 Metaspace       used 64924K, committed 66304K, reserved 1114112K
  class space    used 6751K, committed 7296K, reserved 1048576K
}
Event: 48.293 GC heap after
{Heap after GC invocations=177 (full 3):
 PSYoungGen      total 14336K, used 2025K [0x00000000eab00000, 0x00000000ec700000, 0x0000000100000000)
  eden space 12288K, 0% used [0x00000000eab00000,0x00000000eab00000,0x00000000eb700000)
  from space 2048K, 98% used [0x00000000ebe00000,0x00000000ebffa630,0x00000000ec000000)
  to   space 7168K, 0% used [0x00000000eb700000,0x00000000eb700000,0x00000000ebe00000)
 ParOldGen       total 309248K, used 308940K [0x00000000c0000000, 0x00000000d2e00000, 0x00000000eab00000)
  object space 309248K, 99% used [0x00000000c0000000,0x00000000d2db3228,0x00000000d2e00000)
 Metaspace       used 64924K, committed 66304K, reserved 1114112K
  class space    used 6751K, committed 7296K, reserved 1048576K
}
Event: 48.366 GC heap before
{Heap before GC invocations=178 (full 3):
 PSYoungGen      total 14336K, used 14313K [0x00000000eab00000, 0x00000000ec700000, 0x0000000100000000)
  eden space 12288K, 100% used [0x00000000eab00000,0x00000000eb700000,0x00000000eb700000)
  from space 2048K, 98% used [0x00000000ebe00000,0x00000000ebffa630,0x00000000ec000000)
  to   space 7168K, 0% used [0x00000000eb700000,0x00000000eb700000,0x00000000ebe00000)
 ParOldGen       total 309248K, used 308940K [0x00000000c0000000, 0x00000000d2e00000, 0x00000000eab00000)
  object space 309248K, 99% used [0x00000000c0000000,0x00000000d2db3228,0x00000000d2e00000)
 Metaspace       used 64924K, committed 66304K, reserved 1114112K
  class space    used 6751K, committed 7296K, reserved 1048576K
}
Event: 48.390 GC heap after
{Heap after GC invocations=178 (full 3):
 PSYoungGen      total 15360K, used 2633K [0x00000000eab00000, 0x00000000ec180000, 0x0000000100000000)
  eden space 12288K, 0% used [0x00000000eab00000,0x00000000eab00000,0x00000000eb700000)
  from space 3072K, 85% used [0x00000000eb700000,0x00000000eb9925f8,0x00000000eba00000)
  to   space 4096K, 0% used [0x00000000ebd80000,0x00000000ebd80000,0x00000000ec180000)
 ParOldGen       total 311296K, used 310904K [0x00000000c0000000, 0x00000000d3000000, 0x00000000eab00000)
  object space 311296K, 99% used [0x00000000c0000000,0x00000000d2f9e3a8,0x00000000d3000000)
 Metaspace       used 64924K, committed 66304K, reserved 1114112K
  class space    used 6751K, committed 7296K, reserved 1048576K
}
Event: 48.497 GC heap before
{Heap before GC invocations=179 (full 3):
 PSYoungGen      total 15360K, used 14881K [0x00000000eab00000, 0x00000000ec180000, 0x0000000100000000)
  eden space 12288K, 99% used [0x00000000eab00000,0x00000000eb6f6158,0x00000000eb700000)
  from space 3072K, 85% used [0x00000000eb700000,0x00000000eb9925f8,0x00000000eba00000)
  to   space 4096K, 0% used [0x00000000ebd80000,0x00000000ebd80000,0x00000000ec180000)
 ParOldGen       total 311296K, used 310904K [0x00000000c0000000, 0x00000000d3000000, 0x00000000eab00000)
  object space 311296K, 99% used [0x00000000c0000000,0x00000000d2f9e3a8,0x00000000d3000000)
 Metaspace       used 64924K, committed 66304K, reserved 1114112K
  class space    used 6751K, committed 7296K, reserved 1048576K
}
Event: 48.515 GC heap after
{Heap after GC invocations=179 (full 3):
 PSYoungGen      total 15360K, used 2685K [0x00000000eab00000, 0x00000000ec080000, 0x0000000100000000)
  eden space 12288K, 0% used [0x00000000eab00000,0x00000000eab00000,0x00000000eb700000)
  from space 3072K, 87% used [0x00000000ebd80000,0x00000000ec01f7f0,0x00000000ec080000)
  to   space 3072K, 0% used [0x00000000eb700000,0x00000000eb700000,0x00000000eba00000)
 ParOldGen       total 313856K, used 313448K [0x00000000c0000000, 0x00000000d3280000, 0x00000000eab00000)
  object space 313856K, 99% used [0x00000000c0000000,0x00000000d321a380,0x00000000d3280000)
 Metaspace       used 64924K, committed 66304K, reserved 1114112K
  class space    used 6751K, committed 7296K, reserved 1048576K
}
Event: 48.580 GC heap before
{Heap before GC invocations=180 (full 3):
 PSYoungGen      total 15360K, used 14973K [0x00000000eab00000, 0x00000000ec080000, 0x0000000100000000)
  eden space 12288K, 100% used [0x00000000eab00000,0x00000000eb700000,0x00000000eb700000)
  from space 3072K, 87% used [0x00000000ebd80000,0x00000000ec01f7f0,0x00000000ec080000)
  to   space 3072K, 0% used [0x00000000eb700000,0x00000000eb700000,0x00000000eba00000)
 ParOldGen       total 313856K, used 313448K [0x00000000c0000000, 0x00000000d3280000, 0x00000000eab00000)
  object space 313856K, 99% used [0x00000000c0000000,0x00000000d321a380,0x00000000d3280000)
 Metaspace       used 64924K, committed 66304K, reserved 1114112K
  class space    used 6751K, committed 7296K, reserved 1048576K
}
Event: 48.610 GC heap after
{Heap after GC invocations=180 (full 3):
 PSYoungGen      total 15360K, used 3055K [0x00000000eab00000, 0x00000000ec580000, 0x0000000100000000)
  eden space 12288K, 0% used [0x00000000eab00000,0x00000000eab00000,0x00000000eb700000)
  from space 3072K, 99% used [0x00000000eb700000,0x00000000eb9fbdf0,0x00000000eba00000)
  to   space 6144K, 0% used [0x00000000ebf80000,0x00000000ebf80000,0x00000000ec580000)
 ParOldGen       total 316416K, used 315922K [0x00000000c0000000, 0x00000000d3500000, 0x00000000eab00000)
  object space 316416K, 99% used [0x00000000c0000000,0x00000000d3484b30,0x00000000d3500000)
 Metaspace       used 64924K, committed 66304K, reserved 1114112K
  class space    used 6751K, committed 7296K, reserved 1048576K
}
Event: 48.684 GC heap before
{Heap before GC invocations=181 (full 3):
 PSYoungGen      total 15360K, used 15343K [0x00000000eab00000, 0x00000000ec580000, 0x0000000100000000)
  eden space 12288K, 100% used [0x00000000eab00000,0x00000000eb700000,0x00000000eb700000)
  from space 3072K, 99% used [0x00000000eb700000,0x00000000eb9fbdf0,0x00000000eba00000)
  to   space 6144K, 0% used [0x00000000ebf80000,0x00000000ebf80000,0x00000000ec580000)
 ParOldGen       total 316416K, used 315922K [0x00000000c0000000, 0x00000000d3500000, 0x00000000eab00000)
  object space 316416K, 99% used [0x00000000c0000000,0x00000000d3484b30,0x00000000d3500000)
 Metaspace       used 64924K, committed 66304K, reserved 1114112K
  class space    used 6751K, committed 7296K, reserved 1048576K
}
Event: 48.708 GC heap after
{Heap after GC invocations=181 (full 3):
 PSYoungGen      total 17920K, used 3024K [0x00000000eab00000, 0x00000000ec280000, 0x0000000100000000)
  eden space 14848K, 0% used [0x00000000eab00000,0x00000000eab00000,0x00000000eb980000)
  from space 3072K, 98% used [0x00000000ebf80000,0x00000000ec274100,0x00000000ec280000)
  to   space 4096K, 0% used [0x00000000eba80000,0x00000000eba80000,0x00000000ebe80000)
 ParOldGen       total 318976K, used 318741K [0x00000000c0000000, 0x00000000d3780000, 0x00000000eab00000)
  object space 318976K, 99% used [0x00000000c0000000,0x00000000d37454b0,0x00000000d3780000)
 Metaspace       used 64924K, committed 66304K, reserved 1114112K
  class space    used 6751K, committed 7296K, reserved 1048576K
}
Event: 48.809 GC heap before
{Heap before GC invocations=182 (full 3):
 PSYoungGen      total 17920K, used 17872K [0x00000000eab00000, 0x00000000ec280000, 0x0000000100000000)
  eden space 14848K, 100% used [0x00000000eab00000,0x00000000eb980000,0x00000000eb980000)
  from space 3072K, 98% used [0x00000000ebf80000,0x00000000ec274100,0x00000000ec280000)
  to   space 4096K, 0% used [0x00000000eba80000,0x00000000eba80000,0x00000000ebe80000)
 ParOldGen       total 318976K, used 318741K [0x00000000c0000000, 0x00000000d3780000, 0x00000000eab00000)
  object space 318976K, 99% used [0x00000000c0000000,0x00000000d37454b0,0x00000000d3780000)
 Metaspace       used 64924K, committed 66304K, reserved 1114112K
  class space    used 6751K, committed 7296K, reserved 1048576K
}
Event: 48.825 GC heap after
{Heap after GC invocations=182 (full 3):
 PSYoungGen      total 19968K, used 3863K [0x00000000eab00000, 0x00000000ec480000, 0x0000000100000000)
  eden space 15872K, 0% used [0x00000000eab00000,0x00000000eab00000,0x00000000eba80000)
  from space 4096K, 94% used [0x00000000eba80000,0x00000000ebe45f80,0x00000000ebe80000)
  to   space 4096K, 0% used [0x00000000ec080000,0x00000000ec080000,0x00000000ec480000)
 ParOldGen       total 322048K, used 321608K [0x00000000c0000000, 0x00000000d3a80000, 0x00000000eab00000)
  object space 322048K, 99% used [0x00000000c0000000,0x00000000d3a122f0,0x00000000d3a80000)
 Metaspace       used 64924K, committed 66304K, reserved 1114112K
  class space    used 6751K, committed 7296K, reserved 1048576K
}
Event: 48.942 GC heap before
{Heap before GC invocations=183 (full 3):
 PSYoungGen      total 19968K, used 19735K [0x00000000eab00000, 0x00000000ec480000, 0x0000000100000000)
  eden space 15872K, 100% used [0x00000000eab00000,0x00000000eba80000,0x00000000eba80000)
  from space 4096K, 94% used [0x00000000eba80000,0x00000000ebe45f80,0x00000000ebe80000)
  to   space 4096K, 0% used [0x00000000ec080000,0x00000000ec080000,0x00000000ec480000)
 ParOldGen       total 322048K, used 321608K [0x00000000c0000000, 0x00000000d3a80000, 0x00000000eab00000)
  object space 322048K, 99% used [0x00000000c0000000,0x00000000d3a122f0,0x00000000d3a80000)
 Metaspace       used 64924K, committed 66304K, reserved 1114112K
  class space    used 6751K, committed 7296K, reserved 1048576K
}
Event: 48.956 GC heap after
{Heap after GC invocations=183 (full 3):
 PSYoungGen      total 19968K, used 3754K [0x00000000eab00000, 0x00000000ec480000, 0x0000000100000000)
  eden space 15872K, 0% used [0x00000000eab00000,0x00000000eab00000,0x00000000eba80000)
  from space 4096K, 91% used [0x00000000ec080000,0x00000000ec42abb0,0x00000000ec480000)
  to   space 4096K, 0% used [0x00000000eba80000,0x00000000eba80000,0x00000000ebe80000)
 ParOldGen       total 325632K, used 325153K [0x00000000c0000000, 0x00000000d3e00000, 0x00000000eab00000)
  object space 325632K, 99% used [0x00000000c0000000,0x00000000d3d886b8,0x00000000d3e00000)
 Metaspace       used 64924K, committed 66304K, reserved 1114112K
  class space    used 6751K, committed 7296K, reserved 1048576K
}
Event: 49.052 GC heap before
{Heap before GC invocations=184 (full 3):
 PSYoungGen      total 19968K, used 19626K [0x00000000eab00000, 0x00000000ec480000, 0x0000000100000000)
  eden space 15872K, 100% used [0x00000000eab00000,0x00000000eba80000,0x00000000eba80000)
  from space 4096K, 91% used [0x00000000ec080000,0x00000000ec42abb0,0x00000000ec480000)
  to   space 4096K, 0% used [0x00000000eba80000,0x00000000eba80000,0x00000000ebe80000)
 ParOldGen       total 325632K, used 325153K [0x00000000c0000000, 0x00000000d3e00000, 0x00000000eab00000)
  object space 325632K, 99% used [0x00000000c0000000,0x00000000d3d886b8,0x00000000d3e00000)
 Metaspace       used 64929K, committed 66304K, reserved 1114112K
  class space    used 6751K, committed 7296K, reserved 1048576K
}
Event: 49.070 GC heap after
{Heap after GC invocations=184 (full 3):
 PSYoungGen      total 19968K, used 3756K [0x00000000eab00000, 0x00000000ec280000, 0x0000000100000000)
  eden space 15872K, 0% used [0x00000000eab00000,0x00000000eab00000,0x00000000eba80000)
  from space 4096K, 91% used [0x00000000eba80000,0x00000000ebe2b020,0x00000000ebe80000)
  to   space 4096K, 0% used [0x00000000ebe80000,0x00000000ebe80000,0x00000000ec280000)
 ParOldGen       total 328704K, used 328694K [0x00000000c0000000, 0x00000000d4100000, 0x00000000eab00000)
  object space 328704K, 99% used [0x00000000c0000000,0x00000000d40fdaa8,0x00000000d4100000)
 Metaspace       used 64929K, committed 66304K, reserved 1114112K
  class space    used 6751K, committed 7296K, reserved 1048576K
}

