# JRE version: OpenJDK Runtime Environment Temurin-21.0.6+7 (21.0.6+7) (build 21.0.6+7-LTS)
# Java VM: OpenJDK 64-Bit Server VM Temurin-21.0.6+7 (21.0.6+7-LTS, mixed mode, sharing, tiered, compressed oops, compressed class ptrs, parallel gc, linux-amd64)
GC Precious Log:
 CardTable entry size: 512
 CPUs: 8 total, 8 available
 Memory: 15866M
 Large Page Support: Disabled
 NUMA Support: Disabled
 Compressed Oops: Enabled (32-bit)
 Alignments: Space 512K, Generation 512K, Heap 2M
 Heap Min Capacity: 100M
 Heap Initial Capacity: 100M
 Heap Max Capacity: 1G
 Pre-touch: Disabled
 Parallel Workers: 8
Heap:
 PSYoungGen      total 12800K, used 6005K [0x00000000eab00000, 0x00000000ec000000, 0x0000000100000000)
  eden space 8192K, 17% used [0x00000000eab00000,0x00000000eac5f138,0x00000000eb300000)
  from space 4608K, 99% used [0x00000000eb300000,0x00000000eb77e5a0,0x00000000eb780000)
  to   space 6656K, 0% used [0x00000000eb980000,0x00000000eb980000,0x00000000ec000000)
 ParOldGen       total 332288K, used 332225K [0x00000000c0000000, 0x00000000d4480000, 0x00000000eab00000)
  object space 332288K, 99% used [0x00000000c0000000,0x00000000d44705f0,0x00000000d4480000)
 Metaspace       used 81684K, committed 83584K, reserved 1179648K
  class space    used 7987K, committed 8832K, reserved 1048576K
GC Heap History (20 events):
Event: 853.737 GC heap before
{Heap before GC invocations=1324 (full 6):
 PSYoungGen      total 13312K, used 11930K [0x00000000eab00000, 0x00000000ebb00000, 0x0000000100000000)
  eden space 11264K, 100% used [0x00000000eab00000,0x00000000eb600000,0x00000000eb600000)
  from space 2048K, 32% used [0x00000000eb780000,0x00000000eb826900,0x00000000eb980000)
  to   space 1024K, 0% used [0x00000000eba00000,0x00000000eba00000,0x00000000ebb00000)
 ParOldGen       total 321536K, used 321215K [0x00000000c0000000, 0x00000000d3a00000, 0x00000000eab00000)
  object space 321536K, 99% used [0x00000000c0000000,0x00000000d39afea8,0x00000000d3a00000)
 Metaspace       used 81645K, committed 83584K, reserved 1179648K
  class space    used 7987K, committed 8832K, reserved 1048576K
}
Event: 853.741 GC heap after
{Heap after GC invocations=1324 (full 6):
 PSYoungGen      total 11264K, used 1011K [0x00000000eab00000, 0x00000000ec000000, 0x0000000100000000)
  eden space 10240K, 0% used [0x00000000eab00000,0x00000000eab00000,0x00000000eb500000)
  from space 1024K, 98% used [0x00000000eba00000,0x00000000ebafceb0,0x00000000ebb00000)
  to   space 5120K, 0% used [0x00000000eb500000,0x00000000eb500000,0x00000000eba00000)
 ParOldGen       total 324608K, used 324244K [0x00000000c0000000, 0x00000000d3d00000, 0x00000000eab00000)
  object space 324608K, 99% used [0x00000000c0000000,0x00000000d3ca50a8,0x00000000d3d00000)
 Metaspace       used 81645K, committed 83584K, reserved 1179648K
  class space    used 7987K, committed 8832K, reserved 1048576K
}
Event: 854.464 GC heap before
{Heap before GC invocations=1325 (full 6):
 PSYoungGen      total 11264K, used 11251K [0x00000000eab00000, 0x00000000ec000000, 0x0000000100000000)
  eden space 10240K, 100% used [0x00000000eab00000,0x00000000eb500000,0x00000000eb500000)
  from space 1024K, 98% used [0x00000000eba00000,0x00000000ebafceb0,0x00000000ebb00000)
  to   space 5120K, 0% used [0x00000000eb500000,0x00000000eb500000,0x00000000eba00000)
 ParOldGen       total 324608K, used 324244K [0x00000000c0000000, 0x00000000d3d00000, 0x00000000eab00000)
  object space 324608K, 99% used [0x00000000c0000000,0x00000000d3ca50a8,0x00000000d3d00000)
 Metaspace       used 81647K, committed 83584K, reserved 1179648K
  class space    used 7987K, committed 8832K, reserved 1048576K
}
Event: 854.466 GC heap after
{Heap after GC invocations=1325 (full 6):
 PSYoungGen      total 11264K, used 570K [0x00000000eab00000, 0x00000000eba80000, 0x0000000100000000)
  eden space 10240K, 0% used [0x00000000eab00000,0x00000000eab00000,0x00000000eb500000)
  from space 1024K, 55% used [0x00000000eb500000,0x00000000eb58e900,0x00000000eb600000)
  to   space 2048K, 0% used [0x00000000eb880000,0x00000000eb880000,0x00000000eba80000)
 ParOldGen       total 325120K, used 324620K [0x00000000c0000000, 0x00000000d3d80000, 0x00000000eab00000)
  object space 325120K, 99% used [0x00000000c0000000,0x00000000d3d030a8,0x00000000d3d80000)
 Metaspace       used 81647K, committed 83584K, reserved 1179648K
  class space    used 7987K, committed 8832K, reserved 1048576K
}
Event: 864.269 GC heap before
{Heap before GC invocations=1326 (full 6):
 PSYoungGen      total 11264K, used 10810K [0x00000000eab00000, 0x00000000eba80000, 0x0000000100000000)
  eden space 10240K, 100% used [0x00000000eab00000,0x00000000eb500000,0x00000000eb500000)
  from space 1024K, 55% used [0x00000000eb500000,0x00000000eb58e900,0x00000000eb600000)
  to   space 2048K, 0% used [0x00000000eb880000,0x00000000eb880000,0x00000000eba80000)
 ParOldGen       total 325120K, used 324620K [0x00000000c0000000, 0x00000000d3d80000, 0x00000000eab00000)
  object space 325120K, 99% used [0x00000000c0000000,0x00000000d3d030a8,0x00000000d3d80000)
 Metaspace       used 81648K, committed 83584K, reserved 1179648K
  class space    used 7987K, committed 8832K, reserved 1048576K
}
Event: 864.271 GC heap after
{Heap after GC invocations=1326 (full 6):
 PSYoungGen      total 11776K, used 1273K [0x00000000eab00000, 0x00000000eba00000, 0x0000000100000000)
  eden space 10240K, 0% used [0x00000000eab00000,0x00000000eab00000,0x00000000eb500000)
  from space 1536K, 82% used [0x00000000eb880000,0x00000000eb9be410,0x00000000eba00000)
  to   space 1536K, 0% used [0x00000000eb700000,0x00000000eb700000,0x00000000eb880000)
 ParOldGen       total 325120K, used 325088K [0x00000000c0000000, 0x00000000d3d80000, 0x00000000eab00000)
  object space 325120K, 99% used [0x00000000c0000000,0x00000000d3d782a8,0x00000000d3d80000)
 Metaspace       used 81648K, committed 83584K, reserved 1179648K
  class space    used 7987K, committed 8832K, reserved 1048576K
}
Event: 864.699 GC heap before
{Heap before GC invocations=1327 (full 6):
 PSYoungGen      total 11776K, used 11512K [0x00000000eab00000, 0x00000000eba00000, 0x0000000100000000)
  eden space 10240K, 99% used [0x00000000eab00000,0x00000000eb4fffe0,0x00000000eb500000)
  from space 1536K, 82% used [0x00000000eb880000,0x00000000eb9be410,0x00000000eba00000)
  to   space 1536K, 0% used [0x00000000eb700000,0x00000000eb700000,0x00000000eb880000)
 ParOldGen       total 325120K, used 325088K [0x00000000c0000000, 0x00000000d3d80000, 0x00000000eab00000)
  object space 325120K, 99% used [0x00000000c0000000,0x00000000d3d782a8,0x00000000d3d80000)
 Metaspace       used 81653K, committed 83584K, reserved 1179648K
  class space    used 7987K, committed 8832K, reserved 1048576K
}
Event: 864.703 GC heap after
{Heap after GC invocations=1327 (full 6):
 PSYoungGen      total 11264K, used 596K [0x00000000eab00000, 0x00000000eb900000, 0x0000000100000000)
  eden space 10240K, 0% used [0x00000000eab00000,0x00000000eab00000,0x00000000eb500000)
  from space 1024K, 58% used [0x00000000eb700000,0x00000000eb795200,0x00000000eb800000)
  to   space 1024K, 0% used [0x00000000eb800000,0x00000000eb800000,0x00000000eb900000)
 ParOldGen       total 326656K, used 326197K [0x00000000c0000000, 0x00000000d3f00000, 0x00000000eab00000)
  object space 326656K, 99% used [0x00000000c0000000,0x00000000d3e8d4b8,0x00000000d3f00000)
 Metaspace       used 81653K, committed 83584K, reserved 1179648K
  class space    used 7987K, committed 8832K, reserved 1048576K
}
Event: 866.169 GC heap before
{Heap before GC invocations=1328 (full 6):
 PSYoungGen      total 11264K, used 10836K [0x00000000eab00000, 0x00000000eb900000, 0x0000000100000000)
  eden space 10240K, 100% used [0x00000000eab00000,0x00000000eb500000,0x00000000eb500000)
  from space 1024K, 58% used [0x00000000eb700000,0x00000000eb795200,0x00000000eb800000)
  to   space 1024K, 0% used [0x00000000eb800000,0x00000000eb800000,0x00000000eb900000)
 ParOldGen       total 326656K, used 326197K [0x00000000c0000000, 0x00000000d3f00000, 0x00000000eab00000)
  object space 326656K, 99% used [0x00000000c0000000,0x00000000d3e8d4b8,0x00000000d3f00000)
 Metaspace       used 81659K, committed 83584K, reserved 1179648K
  class space    used 7987K, committed 8832K, reserved 1048576K
}
Event: 866.172 GC heap after
{Heap after GC invocations=1328 (full 6):
 PSYoungGen      total 10752K, used 448K [0x00000000eab00000, 0x00000000eb880000, 0x0000000100000000)
  eden space 10240K, 0% used [0x00000000eab00000,0x00000000eab00000,0x00000000eb500000)
  from space 512K, 87% used [0x00000000eb800000,0x00000000eb870000,0x00000000eb880000)
  to   space 1024K, 0% used [0x00000000eb680000,0x00000000eb680000,0x00000000eb780000)
 ParOldGen       total 326656K, used 326617K [0x00000000c0000000, 0x00000000d3f00000, 0x00000000eab00000)
  object space 326656K, 99% used [0x00000000c0000000,0x00000000d3ef66c8,0x00000000d3f00000)
 Metaspace       used 81659K, committed 83584K, reserved 1179648K
  class space    used 7987K, committed 8832K, reserved 1048576K
}
Event: 872.115 GC heap before
{Heap before GC invocations=1329 (full 6):
 PSYoungGen      total 10752K, used 10688K [0x00000000eab00000, 0x00000000eb880000, 0x0000000100000000)
  eden space 10240K, 100% used [0x00000000eab00000,0x00000000eb500000,0x00000000eb500000)
  from space 512K, 87% used [0x00000000eb800000,0x00000000eb870000,0x00000000eb880000)
  to   space 1024K, 0% used [0x00000000eb680000,0x00000000eb680000,0x00000000eb780000)
 ParOldGen       total 326656K, used 326617K [0x00000000c0000000, 0x00000000d3f00000, 0x00000000eab00000)
  object space 326656K, 99% used [0x00000000c0000000,0x00000000d3ef66c8,0x00000000d3f00000)
 Metaspace       used 81665K, committed 83584K, reserved 1179648K
  class space    used 7987K, committed 8832K, reserved 1048576K
}
Event: 872.117 GC heap after
{Heap after GC invocations=1329 (full 6):
 PSYoungGen      total 11264K, used 308K [0x00000000eab00000, 0x00000000eb880000, 0x0000000100000000)
  eden space 10240K, 0% used [0x00000000eab00000,0x00000000eab00000,0x00000000eb500000)
  from space 1024K, 30% used [0x00000000eb680000,0x00000000eb6cd200,0x00000000eb780000)
  to   space 512K, 0% used [0x00000000eb800000,0x00000000eb800000,0x00000000eb880000)
 ParOldGen       total 327168K, used 327001K [0x00000000c0000000, 0x00000000d3f80000, 0x00000000eab00000)
  object space 327168K, 99% used [0x00000000c0000000,0x00000000d3f566c8,0x00000000d3f80000)
 Metaspace       used 81665K, committed 83584K, reserved 1179648K
  class space    used 7987K, committed 8832K, reserved 1048576K
}
Event: 873.576 GC heap before
{Heap before GC invocations=1330 (full 6):
 PSYoungGen      total 11264K, used 10548K [0x00000000eab00000, 0x00000000eb880000, 0x0000000100000000)
  eden space 10240K, 100% used [0x00000000eab00000,0x00000000eb500000,0x00000000eb500000)
  from space 1024K, 30% used [0x00000000eb680000,0x00000000eb6cd200,0x00000000eb780000)
  to   space 512K, 0% used [0x00000000eb800000,0x00000000eb800000,0x00000000eb880000)
 ParOldGen       total 327168K, used 327001K [0x00000000c0000000, 0x00000000d3f80000, 0x00000000eab00000)
  object space 327168K, 99% used [0x00000000c0000000,0x00000000d3f566c8,0x00000000d3f80000)
 Metaspace       used 81673K, committed 83584K, reserved 1179648K
  class space    used 7987K, committed 8832K, reserved 1048576K
}
Event: 873.578 GC heap after
{Heap after GC invocations=1330 (full 6):
 PSYoungGen      total 10752K, used 512K [0x00000000eab00000, 0x00000000eb880000, 0x0000000100000000)
  eden space 10240K, 0% used [0x00000000eab00000,0x00000000eab00000,0x00000000eb500000)
  from space 512K, 100% used [0x00000000eb800000,0x00000000eb880000,0x00000000eb880000)
  to   space 1536K, 0% used [0x00000000eb580000,0x00000000eb580000,0x00000000eb700000)
 ParOldGen       total 328192K, used 327762K [0x00000000c0000000, 0x00000000d4080000, 0x00000000eab00000)
  object space 328192K, 99% used [0x00000000c0000000,0x00000000d4014ae8,0x00000000d4080000)
 Metaspace       used 81673K, committed 83584K, reserved 1179648K
  class space    used 7987K, committed 8832K, reserved 1048576K
}
Event: 874.753 GC heap before
{Heap before GC invocations=1331 (full 6):
 PSYoungGen      total 10752K, used 10752K [0x00000000eab00000, 0x00000000eb880000, 0x0000000100000000)
  eden space 10240K, 100% used [0x00000000eab00000,0x00000000eb500000,0x00000000eb500000)
  from space 512K, 100% used [0x00000000eb800000,0x00000000eb880000,0x00000000eb880000)
  to   space 1536K, 0% used [0x00000000eb580000,0x00000000eb580000,0x00000000eb700000)
 ParOldGen       total 328192K, used 327762K [0x00000000c0000000, 0x00000000d4080000, 0x00000000eab00000)
  object space 328192K, 99% used [0x00000000c0000000,0x00000000d4014ae8,0x00000000d4080000)
 Metaspace       used 81680K, committed 83584K, reserved 1179648K
  class space    used 7987K, committed 8832K, reserved 1048576K
}
Event: 874.755 GC heap after
{Heap after GC invocations=1331 (full 6):
 PSYoungGen      total 11776K, used 384K [0x00000000eab00000, 0x00000000eb880000, 0x0000000100000000)
  eden space 10240K, 0% used [0x00000000eab00000,0x00000000eab00000,0x00000000eb500000)
  from space 1536K, 25% used [0x00000000eb580000,0x00000000eb5e0000,0x00000000eb700000)
  to   space 1024K, 0% used [0x00000000eb780000,0x00000000eb780000,0x00000000eb880000)
 ParOldGen       total 328704K, used 328282K [0x00000000c0000000, 0x00000000d4100000, 0x00000000eab00000)
  object space 328704K, 99% used [0x00000000c0000000,0x00000000d4096ae8,0x00000000d4100000)
 Metaspace       used 81680K, committed 83584K, reserved 1179648K
  class space    used 7987K, committed 8832K, reserved 1048576K
}
Event: 878.942 GC heap before
{Heap before GC invocations=1332 (full 6):
 PSYoungGen      total 11776K, used 10624K [0x00000000eab00000, 0x00000000eb880000, 0x0000000100000000)
  eden space 10240K, 100% used [0x00000000eab00000,0x00000000eb500000,0x00000000eb500000)
  from space 1536K, 25% used [0x00000000eb580000,0x00000000eb5e0000,0x00000000eb700000)
  to   space 1024K, 0% used [0x00000000eb780000,0x00000000eb780000,0x00000000eb880000)
 ParOldGen       total 328704K, used 328282K [0x00000000c0000000, 0x00000000d4100000, 0x00000000eab00000)
  object space 328704K, 99% used [0x00000000c0000000,0x00000000d4096ae8,0x00000000d4100000)
 Metaspace       used 81681K, committed 83584K, reserved 1179648K
  class space    used 7987K, committed 8832K, reserved 1048576K
}
Event: 878.946 GC heap after
{Heap after GC invocations=1332 (full 6):
 PSYoungGen      total 9216K, used 1022K [0x00000000eab00000, 0x00000000ebe00000, 0x0000000100000000)
  eden space 8192K, 0% used [0x00000000eab00000,0x00000000eab00000,0x00000000eb300000)
  from space 1024K, 99% used [0x00000000eb780000,0x00000000eb87f930,0x00000000eb880000)
  to   space 4608K, 0% used [0x00000000eb300000,0x00000000eb300000,0x00000000eb780000)
 ParOldGen       total 331264K, used 330865K [0x00000000c0000000, 0x00000000d4380000, 0x00000000eab00000)
  object space 331264K, 99% used [0x00000000c0000000,0x00000000d431c430,0x00000000d4380000)
 Metaspace       used 81681K, committed 83584K, reserved 1179648K
  class space    used 7987K, committed 8832K, reserved 1048576K
}
Event: 878.968 GC heap before
{Heap before GC invocations=1333 (full 6):
 PSYoungGen      total 9216K, used 9214K [0x00000000eab00000, 0x00000000ebe00000, 0x0000000100000000)
  eden space 8192K, 100% used [0x00000000eab00000,0x00000000eb300000,0x00000000eb300000)
  from space 1024K, 99% used [0x00000000eb780000,0x00000000eb87f930,0x00000000eb880000)
  to   space 4608K, 0% used [0x00000000eb300000,0x00000000eb300000,0x00000000eb780000)
 ParOldGen       total 331264K, used 330865K [0x00000000c0000000, 0x00000000d4380000, 0x00000000eab00000)
  object space 331264K, 99% used [0x00000000c0000000,0x00000000d431c430,0x00000000d4380000)
 Metaspace       used 81681K, committed 83584K, reserved 1179648K
  class space    used 7987K, committed 8832K, reserved 1048576K
}
Event: 878.971 GC heap after
{Heap after GC invocations=1333 (full 6):
 PSYoungGen      total 12800K, used 4601K [0x00000000eab00000, 0x00000000ec000000, 0x0000000100000000)
  eden space 8192K, 0% used [0x00000000eab00000,0x00000000eab00000,0x00000000eb300000)
  from space 4608K, 99% used [0x00000000eb300000,0x00000000eb77e5a0,0x00000000eb780000)
  to   space 6656K, 0% used [0x00000000eb980000,0x00000000eb980000,0x00000000ec000000)
 ParOldGen       total 332288K, used 332225K [0x00000000c0000000, 0x00000000d4480000, 0x00000000eab00000)
  object space 332288K, 99% used [0x00000000c0000000,0x00000000d44705f0,0x00000000d4480000)
 Metaspace       used 81681K, committed 83584K, reserved 1179648K
  class space    used 7987K, committed 8832K, reserved 1048576K
}

